2022-01-19 16:52:52,717:INFO:PyCaret Supervised Module
2022-01-19 16:52:52,718:INFO:ML Usecase: classification
2022-01-19 16:52:52,718:INFO:version 2.3.6
2022-01-19 16:52:52,718:INFO:Initializing setup()
2022-01-19 16:52:52,718:INFO:setup(target=Exited, ml_usecase=classification, available_plots={'parameter': 'Hyperparameters', 'auc': 'AUC', 'confusion_matrix': 'Confusion Matrix', 'threshold': 'Threshold', 'pr': 'Precision Recall', 'error': 'Prediction Error', 'class_report': 'Class Report', 'rfe': 'Feature Selection', 'learning': 'Learning Curve', 'manifold': 'Manifold Learning', 'calibration': 'Calibration Curve', 'vc': 'Validation Curve', 'dimension': 'Dimensions', 'feature': 'Feature Importance', 'feature_all': 'Feature Importance (All)', 'boundary': 'Decision Boundary', 'lift': 'Lift Chart', 'gain': 'Gain Chart', 'tree': 'Decision Tree', 'ks': 'KS Statistic Plot'}, train_size=0.7, test_data=None, preprocess=True, imputation_type=simple, iterative_imputation_iters=5, categorical_features=None, categorical_imputation=constant, categorical_iterative_imputer=lightgbm, ordinal_features=None, high_cardinality_features=None, high_cardinality_method=frequency, numeric_features=None, numeric_imputation=mean, numeric_iterative_imputer=lightgbm, date_features=None, ignore_features=None, normalize=True, normalize_method=robust, transformation=False, transformation_method=yeo-johnson, handle_unknown_categorical=True, unknown_categorical_method=least_frequent, pca=False, pca_method=linear, pca_components=None, ignore_low_variance=False, combine_rare_levels=False, rare_level_threshold=0.1, bin_numeric_features=None, remove_outliers=True, outliers_threshold=0.05, remove_multicollinearity=False, multicollinearity_threshold=0.9, remove_perfect_collinearity=True, create_clusters=False, cluster_iter=20, polynomial_features=False, polynomial_degree=2, trigonometry_features=False, polynomial_threshold=0.1, group_features=None, group_names=None, feature_selection=False, feature_selection_threshold=0.8, feature_selection_method=classic, feature_interaction=False, feature_ratio=False, interaction_threshold=0.01, fix_imbalance=False, fix_imbalance_method=None, transform_target=False, transform_target_method=box-cox, data_split_shuffle=True, data_split_stratify=False, fold_strategy=stratifiedkfold, fold=10, fold_shuffle=False, fold_groups=None, n_jobs=-1, use_gpu=False, custom_pipeline=None, html=True, session_id=None, log_experiment=False, experiment_name=None, log_plots=False, log_profile=False, log_data=False, silent=True, verbose=True, profile=False, profile_kwargs=None, display=None)
2022-01-19 16:52:52,718:INFO:Checking environment
2022-01-19 16:52:52,718:INFO:python_version: 3.8.8
2022-01-19 16:52:52,718:INFO:python_build: ('default', 'Apr 13 2021 15:08:03')
2022-01-19 16:52:52,718:INFO:machine: AMD64
2022-01-19 16:52:52,719:INFO:platform: Windows-10-10.0.22000-SP0
2022-01-19 16:52:52,719:INFO:Memory: svmem(total=16483872768, available=6780010496, percent=58.9, used=9703862272, free=6780010496)
2022-01-19 16:52:52,719:INFO:Physical Core: 8
2022-01-19 16:52:52,719:INFO:Logical Core: 16
2022-01-19 16:52:52,719:INFO:Checking libraries
2022-01-19 16:52:52,719:INFO:pd==1.2.4
2022-01-19 16:52:52,719:INFO:numpy==1.18.5
2022-01-19 16:52:52,719:INFO:sklearn==0.23.2
2022-01-19 16:52:52,719:INFO:lightgbm==3.3.2
2022-01-19 16:52:52,719:WARNING:catboost not found
2022-01-19 16:52:52,720:WARNING:xgboost not found
2022-01-19 16:52:53,119:INFO:mlflow==1.23.0
2022-01-19 16:52:53,120:INFO:Checking Exceptions
2022-01-19 16:52:53,120:INFO:Declaring global variables
2022-01-19 16:52:53,120:INFO:USI: f7fc
2022-01-19 16:52:53,120:INFO:pycaret_globals: {'seed', 'fold_shuffle_param', 'iterative_imputation_iters_param', 'display_container', 'target_param', 'fix_imbalance_method_param', '_gpu_n_jobs_param', 'create_model_container', '_available_plots', 'y', 'y_test', 'n_jobs_param', '_ml_usecase', 'y_train', 'experiment__', 'USI', '_all_metrics', 'pycaret_globals', 'master_model_container', 'X_train', 'logging_param', 'X_test', 'data_before_preprocess', 'gpu_param', 'fold_param', 'transform_target_method_param', '_all_models', 'imputation_classifier', 'transform_target_param', 'html_param', '_all_models_internal', 'fold_generator', 'X', 'fix_imbalance_param', 'prep_pipe', 'exp_name_log', 'fold_groups_param_full', 'log_plots_param', '_internal_pipeline', 'imputation_regressor', 'stratify_param', 'fold_groups_param'}
2022-01-19 16:52:53,120:INFO:Preparing display monitor
2022-01-19 16:52:53,120:INFO:Preparing display monitor
2022-01-19 16:52:53,129:INFO:Importing libraries
2022-01-19 16:52:53,129:INFO:Copying data for preprocessing
2022-01-19 16:52:53,135:INFO:Declaring preprocessing parameters
2022-01-19 16:52:53,137:INFO:Creating preprocessing pipeline
2022-01-19 16:52:53,155:INFO:Preprocessing pipeline created successfully
2022-01-19 16:52:53,155:ERROR:(Process Exit): setup has been interupted with user command 'quit'. setup must rerun.
2022-01-19 16:52:53,155:INFO:Creating global containers
2022-01-19 16:52:53,156:INFO:Internal pipeline: Pipeline(memory=None, steps=[('empty_step', 'passthrough')], verbose=False)
2022-01-19 16:57:30,262:WARNING:Couldn't import xgboost.XGBClassifier
2022-01-19 16:57:30,262:WARNING:Couldn't import catboost.CatBoostClassifier
2022-01-19 16:57:30,325:WARNING:Couldn't import xgboost.XGBClassifier
2022-01-19 16:57:30,325:WARNING:Couldn't import catboost.CatBoostClassifier
2022-01-19 16:57:30,325:INFO:Creating grid variables
2022-01-19 16:57:30,340:INFO:create_model_container: 0
2022-01-19 16:57:30,340:INFO:master_model_container: 0
2022-01-19 16:57:30,340:INFO:display_container: 1
2022-01-19 16:57:30,340:INFO:Pipeline(memory=None,
         steps=[('dtypes',
                 DataTypes_Auto_infer(categorical_features=[],
                                      display_types=False, features_todrop=[],
                                      id_columns=['RowNumber'],
                                      ml_usecase='classification',
                                      numerical_features=[], target='Exited',
                                      time_features=[])),
                ('imputer',
                 Simple_Imputer(categorical_strategy='not_available',
                                fill_value_categorical=None,
                                fill_value_numerical=None,
                                n...
                ('rem_outliers',
                 Outlier(contamination=0.05, methods=['pca'], random_state=8101,
                         target='Exited')),
                ('cluster_all', 'passthrough'),
                ('dummy', Dummify(target='Exited')),
                ('fix_perfect', Remove_100(target='Exited')),
                ('clean_names', Clean_Colum_Names()),
                ('feature_select', 'passthrough'), ('fix_multi', 'passthrough'),
                ('dfs', 'passthrough'), ('pca', 'passthrough')],
         verbose=False)
2022-01-19 16:57:30,340:INFO:setup() succesfully completed......................................
2022-01-19 16:58:10,867:INFO:Initializing compare_models()
2022-01-19 16:58:10,867:INFO:compare_models(include=None, fold=None, round=4, cross_validation=True, sort=Accuracy, n_select=1, budget_time=None, turbo=True, errors=ignore, fit_kwargs=None, groups=None, probability_threshold=None, verbose=True, display=None, exclude=None)
2022-01-19 16:58:10,868:INFO:Checking exceptions
2022-01-19 16:58:10,868:INFO:Preparing display monitor
2022-01-19 16:58:10,869:INFO:Preparing display monitor
2022-01-19 16:58:10,888:INFO:Initializing Logistic Regression
2022-01-19 16:58:10,888:INFO:Total runtime is 0.0 minutes
2022-01-19 16:58:10,894:INFO:SubProcess create_model() called ==================================
2022-01-19 16:58:10,894:INFO:Initializing create_model()
2022-01-19 16:58:10,895:INFO:create_model(estimator=lr, fold=StratifiedKFold(n_splits=10, random_state=None, shuffle=False), round=4, cross_validation=True, predict=True, fit_kwargs={}, groups=None, refit=False, verbose=False, system=False, metrics=None, add_to_model_list=True, probability_threshold=None, display=<pycaret.internal.Display.Display object at 0x000001A78D602580>, kwargs={})
2022-01-19 16:58:10,895:INFO:Checking exceptions
2022-01-19 16:58:10,895:INFO:Importing libraries
2022-01-19 16:58:10,895:INFO:Copying training dataset
2022-01-19 16:58:10,905:INFO:Defining folds
2022-01-19 16:58:10,906:INFO:Declaring metric variables
2022-01-19 16:58:10,912:INFO:Importing untrained model
2022-01-19 16:58:10,918:INFO:Logistic Regression Imported succesfully
2022-01-19 16:58:10,929:INFO:Starting cross validation
2022-01-19 16:58:10,929:INFO:Cross validating with StratifiedKFold(n_splits=10, random_state=None, shuffle=False), n_jobs=-1
2022-01-19 16:58:26,736:INFO:Calculating mean and std
2022-01-19 16:58:26,736:INFO:Creating metrics dataframe
2022-01-19 16:58:26,736:INFO:Uploading results into container
2022-01-19 16:58:26,736:INFO:Uploading model into container now
2022-01-19 16:58:26,736:INFO:create_model_container: 1
2022-01-19 16:58:26,736:INFO:master_model_container: 1
2022-01-19 16:58:26,736:INFO:display_container: 2
2022-01-19 16:58:26,736:INFO:LogisticRegression(C=1.0, class_weight=None, dual=False, fit_intercept=True,
                   intercept_scaling=1, l1_ratio=None, max_iter=1000,
                   multi_class='auto', n_jobs=None, penalty='l2',
                   random_state=8101, solver='lbfgs', tol=0.0001, verbose=0,
                   warm_start=False)
2022-01-19 16:58:26,736:INFO:create_model() succesfully completed......................................
2022-01-19 16:58:26,915:INFO:SubProcess create_model() end ==================================
2022-01-19 16:58:26,915:INFO:Creating metrics dataframe
2022-01-19 16:58:26,931:INFO:Initializing K Neighbors Classifier
2022-01-19 16:58:26,931:INFO:Total runtime is 0.26738523642222084 minutes
2022-01-19 16:58:26,940:INFO:SubProcess create_model() called ==================================
2022-01-19 16:58:26,940:INFO:Initializing create_model()
2022-01-19 16:58:26,940:INFO:create_model(estimator=knn, fold=StratifiedKFold(n_splits=10, random_state=None, shuffle=False), round=4, cross_validation=True, predict=True, fit_kwargs={}, groups=None, refit=False, verbose=False, system=False, metrics=None, add_to_model_list=True, probability_threshold=None, display=<pycaret.internal.Display.Display object at 0x000001A78D602580>, kwargs={})
2022-01-19 16:58:26,940:INFO:Checking exceptions
2022-01-19 16:58:26,940:INFO:Importing libraries
2022-01-19 16:58:26,941:INFO:Copying training dataset
2022-01-19 16:58:26,952:INFO:Defining folds
2022-01-19 16:58:26,952:INFO:Declaring metric variables
2022-01-19 16:58:26,958:INFO:Importing untrained model
2022-01-19 16:58:26,964:INFO:K Neighbors Classifier Imported succesfully
2022-01-19 16:58:26,975:INFO:Starting cross validation
2022-01-19 16:58:26,975:INFO:Cross validating with StratifiedKFold(n_splits=10, random_state=None, shuffle=False), n_jobs=-1
2022-01-19 16:59:17,630:INFO:Calculating mean and std
2022-01-19 16:59:17,631:INFO:Creating metrics dataframe
2022-01-19 16:59:17,634:INFO:Uploading results into container
2022-01-19 16:59:17,634:INFO:Uploading model into container now
2022-01-19 16:59:17,635:INFO:create_model_container: 2
2022-01-19 16:59:17,635:INFO:master_model_container: 2
2022-01-19 16:59:17,635:INFO:display_container: 2
2022-01-19 16:59:17,635:INFO:KNeighborsClassifier(algorithm='auto', leaf_size=30, metric='minkowski',
                     metric_params=None, n_jobs=-1, n_neighbors=5, p=2,
                     weights='uniform')
2022-01-19 16:59:17,635:INFO:create_model() succesfully completed......................................
2022-01-19 16:59:17,814:INFO:SubProcess create_model() end ==================================
2022-01-19 16:59:17,814:INFO:Creating metrics dataframe
2022-01-19 16:59:17,830:INFO:Initializing Naive Bayes
2022-01-19 16:59:17,830:INFO:Total runtime is 1.1156962434450786 minutes
2022-01-19 16:59:17,830:INFO:SubProcess create_model() called ==================================
2022-01-19 16:59:17,830:INFO:Initializing create_model()
2022-01-19 16:59:17,830:INFO:create_model(estimator=nb, fold=StratifiedKFold(n_splits=10, random_state=None, shuffle=False), round=4, cross_validation=True, predict=True, fit_kwargs={}, groups=None, refit=False, verbose=False, system=False, metrics=None, add_to_model_list=True, probability_threshold=None, display=<pycaret.internal.Display.Display object at 0x000001A78D602580>, kwargs={})
2022-01-19 16:59:17,830:INFO:Checking exceptions
2022-01-19 16:59:17,830:INFO:Importing libraries
2022-01-19 16:59:17,830:INFO:Copying training dataset
2022-01-19 16:59:17,845:INFO:Defining folds
2022-01-19 16:59:17,845:INFO:Declaring metric variables
2022-01-19 16:59:17,845:INFO:Importing untrained model
2022-01-19 16:59:17,845:INFO:Naive Bayes Imported succesfully
2022-01-19 16:59:17,861:INFO:Starting cross validation
2022-01-19 16:59:17,861:INFO:Cross validating with StratifiedKFold(n_splits=10, random_state=None, shuffle=False), n_jobs=-1
2022-01-19 16:59:18,996:INFO:Calculating mean and std
2022-01-19 16:59:18,996:INFO:Creating metrics dataframe
2022-01-19 16:59:19,001:INFO:Uploading results into container
2022-01-19 16:59:19,001:INFO:Uploading model into container now
2022-01-19 16:59:19,001:INFO:create_model_container: 3
2022-01-19 16:59:19,001:INFO:master_model_container: 3
2022-01-19 16:59:19,001:INFO:display_container: 2
2022-01-19 16:59:19,001:INFO:GaussianNB(priors=None, var_smoothing=1e-09)
2022-01-19 16:59:19,001:INFO:create_model() succesfully completed......................................
2022-01-19 16:59:19,180:INFO:SubProcess create_model() end ==================================
2022-01-19 16:59:19,180:INFO:Creating metrics dataframe
2022-01-19 16:59:19,193:INFO:Initializing Decision Tree Classifier
2022-01-19 16:59:19,193:INFO:Total runtime is 1.138428831100464 minutes
2022-01-19 16:59:19,199:INFO:SubProcess create_model() called ==================================
2022-01-19 16:59:19,199:INFO:Initializing create_model()
2022-01-19 16:59:19,199:INFO:create_model(estimator=dt, fold=StratifiedKFold(n_splits=10, random_state=None, shuffle=False), round=4, cross_validation=True, predict=True, fit_kwargs={}, groups=None, refit=False, verbose=False, system=False, metrics=None, add_to_model_list=True, probability_threshold=None, display=<pycaret.internal.Display.Display object at 0x000001A78D602580>, kwargs={})
2022-01-19 16:59:19,199:INFO:Checking exceptions
2022-01-19 16:59:19,199:INFO:Importing libraries
2022-01-19 16:59:19,199:INFO:Copying training dataset
2022-01-19 16:59:19,207:INFO:Defining folds
2022-01-19 16:59:19,207:INFO:Declaring metric variables
2022-01-19 16:59:19,207:INFO:Importing untrained model
2022-01-19 16:59:19,207:INFO:Decision Tree Classifier Imported succesfully
2022-01-19 16:59:19,222:INFO:Starting cross validation
2022-01-19 16:59:19,222:INFO:Cross validating with StratifiedKFold(n_splits=10, random_state=None, shuffle=False), n_jobs=-1
2022-01-19 16:59:21,516:INFO:Calculating mean and std
2022-01-19 16:59:21,516:INFO:Creating metrics dataframe
2022-01-19 16:59:21,516:INFO:Uploading results into container
2022-01-19 16:59:21,516:INFO:Uploading model into container now
2022-01-19 16:59:21,516:INFO:create_model_container: 4
2022-01-19 16:59:21,516:INFO:master_model_container: 4
2022-01-19 16:59:21,516:INFO:display_container: 2
2022-01-19 16:59:21,516:INFO:DecisionTreeClassifier(ccp_alpha=0.0, class_weight=None, criterion='gini',
                       max_depth=None, max_features=None, max_leaf_nodes=None,
                       min_impurity_decrease=0.0, min_impurity_split=None,
                       min_samples_leaf=1, min_samples_split=2,
                       min_weight_fraction_leaf=0.0, presort='deprecated',
                       random_state=8101, splitter='best')
2022-01-19 16:59:21,516:INFO:create_model() succesfully completed......................................
2022-01-19 16:59:21,689:INFO:SubProcess create_model() end ==================================
2022-01-19 16:59:21,689:INFO:Creating metrics dataframe
2022-01-19 16:59:21,708:INFO:Initializing SVM - Linear Kernel
2022-01-19 16:59:21,708:INFO:Total runtime is 1.1803362369537356 minutes
2022-01-19 16:59:21,708:INFO:SubProcess create_model() called ==================================
2022-01-19 16:59:21,720:INFO:Initializing create_model()
2022-01-19 16:59:21,720:INFO:create_model(estimator=svm, fold=StratifiedKFold(n_splits=10, random_state=None, shuffle=False), round=4, cross_validation=True, predict=True, fit_kwargs={}, groups=None, refit=False, verbose=False, system=False, metrics=None, add_to_model_list=True, probability_threshold=None, display=<pycaret.internal.Display.Display object at 0x000001A78D602580>, kwargs={})
2022-01-19 16:59:21,720:INFO:Checking exceptions
2022-01-19 16:59:21,720:INFO:Importing libraries
2022-01-19 16:59:21,720:INFO:Copying training dataset
2022-01-19 16:59:21,720:INFO:Defining folds
2022-01-19 16:59:21,720:INFO:Declaring metric variables
2022-01-19 16:59:21,736:INFO:Importing untrained model
2022-01-19 16:59:21,736:INFO:SVM - Linear Kernel Imported succesfully
2022-01-19 16:59:21,752:INFO:Starting cross validation
2022-01-19 16:59:21,752:INFO:Cross validating with StratifiedKFold(n_splits=10, random_state=None, shuffle=False), n_jobs=-1
2022-01-19 16:59:24,340:INFO:Calculating mean and std
2022-01-19 16:59:24,340:INFO:Creating metrics dataframe
2022-01-19 16:59:24,340:INFO:Uploading results into container
2022-01-19 16:59:24,340:INFO:Uploading model into container now
2022-01-19 16:59:24,340:INFO:create_model_container: 5
2022-01-19 16:59:24,340:INFO:master_model_container: 5
2022-01-19 16:59:24,340:INFO:display_container: 2
2022-01-19 16:59:24,340:INFO:SGDClassifier(alpha=0.0001, average=False, class_weight=None,
              early_stopping=False, epsilon=0.1, eta0=0.001, fit_intercept=True,
              l1_ratio=0.15, learning_rate='optimal', loss='hinge',
              max_iter=1000, n_iter_no_change=5, n_jobs=-1, penalty='l2',
              power_t=0.5, random_state=8101, shuffle=True, tol=0.001,
              validation_fraction=0.1, verbose=0, warm_start=False)
2022-01-19 16:59:24,340:INFO:create_model() succesfully completed......................................
2022-01-19 16:59:24,528:INFO:SubProcess create_model() end ==================================
2022-01-19 16:59:24,528:INFO:Creating metrics dataframe
2022-01-19 16:59:24,528:INFO:Initializing Ridge Classifier
2022-01-19 16:59:24,544:INFO:Total runtime is 1.2275997241338097 minutes
2022-01-19 16:59:24,544:INFO:SubProcess create_model() called ==================================
2022-01-19 16:59:24,544:INFO:Initializing create_model()
2022-01-19 16:59:24,544:INFO:create_model(estimator=ridge, fold=StratifiedKFold(n_splits=10, random_state=None, shuffle=False), round=4, cross_validation=True, predict=True, fit_kwargs={}, groups=None, refit=False, verbose=False, system=False, metrics=None, add_to_model_list=True, probability_threshold=None, display=<pycaret.internal.Display.Display object at 0x000001A78D602580>, kwargs={})
2022-01-19 16:59:24,544:INFO:Checking exceptions
2022-01-19 16:59:24,544:INFO:Importing libraries
2022-01-19 16:59:24,544:INFO:Copying training dataset
2022-01-19 16:59:24,559:INFO:Defining folds
2022-01-19 16:59:24,559:INFO:Declaring metric variables
2022-01-19 16:59:24,559:INFO:Importing untrained model
2022-01-19 16:59:24,559:INFO:Ridge Classifier Imported succesfully
2022-01-19 16:59:24,575:INFO:Starting cross validation
2022-01-19 16:59:24,575:INFO:Cross validating with StratifiedKFold(n_splits=10, random_state=None, shuffle=False), n_jobs=-1
2022-01-19 16:59:26,689:INFO:Calculating mean and std
2022-01-19 16:59:26,689:INFO:Creating metrics dataframe
2022-01-19 16:59:26,689:INFO:Uploading results into container
2022-01-19 16:59:26,689:INFO:Uploading model into container now
2022-01-19 16:59:26,689:INFO:create_model_container: 6
2022-01-19 16:59:26,689:INFO:master_model_container: 6
2022-01-19 16:59:26,689:INFO:display_container: 2
2022-01-19 16:59:26,689:INFO:RidgeClassifier(alpha=1.0, class_weight=None, copy_X=True, fit_intercept=True,
                max_iter=None, normalize=False, random_state=8101,
                solver='auto', tol=0.001)
2022-01-19 16:59:26,689:INFO:create_model() succesfully completed......................................
2022-01-19 16:59:26,862:INFO:SubProcess create_model() end ==================================
2022-01-19 16:59:26,862:INFO:Creating metrics dataframe
2022-01-19 16:59:26,878:INFO:Initializing Random Forest Classifier
2022-01-19 16:59:26,878:INFO:Total runtime is 1.2664962609608972 minutes
2022-01-19 16:59:26,893:INFO:SubProcess create_model() called ==================================
2022-01-19 16:59:26,893:INFO:Initializing create_model()
2022-01-19 16:59:26,893:INFO:create_model(estimator=rf, fold=StratifiedKFold(n_splits=10, random_state=None, shuffle=False), round=4, cross_validation=True, predict=True, fit_kwargs={}, groups=None, refit=False, verbose=False, system=False, metrics=None, add_to_model_list=True, probability_threshold=None, display=<pycaret.internal.Display.Display object at 0x000001A78D602580>, kwargs={})
2022-01-19 16:59:26,893:INFO:Checking exceptions
2022-01-19 16:59:26,893:INFO:Importing libraries
2022-01-19 16:59:26,893:INFO:Copying training dataset
2022-01-19 16:59:26,893:INFO:Defining folds
2022-01-19 16:59:26,893:INFO:Declaring metric variables
2022-01-19 16:59:26,909:INFO:Importing untrained model
2022-01-19 16:59:26,909:INFO:Random Forest Classifier Imported succesfully
2022-01-19 16:59:26,925:INFO:Starting cross validation
2022-01-19 16:59:26,925:INFO:Cross validating with StratifiedKFold(n_splits=10, random_state=None, shuffle=False), n_jobs=-1
2022-01-19 16:59:39,828:INFO:Calculating mean and std
2022-01-19 16:59:39,829:INFO:Creating metrics dataframe
2022-01-19 16:59:39,832:INFO:Uploading results into container
2022-01-19 16:59:39,832:INFO:Uploading model into container now
2022-01-19 16:59:39,832:INFO:create_model_container: 7
2022-01-19 16:59:39,832:INFO:master_model_container: 7
2022-01-19 16:59:39,832:INFO:display_container: 2
2022-01-19 16:59:39,833:INFO:RandomForestClassifier(bootstrap=True, ccp_alpha=0.0, class_weight=None,
                       criterion='gini', max_depth=None, max_features='auto',
                       max_leaf_nodes=None, max_samples=None,
                       min_impurity_decrease=0.0, min_impurity_split=None,
                       min_samples_leaf=1, min_samples_split=2,
                       min_weight_fraction_leaf=0.0, n_estimators=100,
                       n_jobs=-1, oob_score=False, random_state=8101, verbose=0,
                       warm_start=False)
2022-01-19 16:59:39,833:INFO:create_model() succesfully completed......................................
2022-01-19 16:59:40,029:INFO:SubProcess create_model() end ==================================
2022-01-19 16:59:40,029:INFO:Creating metrics dataframe
2022-01-19 16:59:40,043:INFO:Initializing Quadratic Discriminant Analysis
2022-01-19 16:59:40,043:INFO:Total runtime is 1.48592168490092 minutes
2022-01-19 16:59:40,049:INFO:SubProcess create_model() called ==================================
2022-01-19 16:59:40,049:INFO:Initializing create_model()
2022-01-19 16:59:40,049:INFO:create_model(estimator=qda, fold=StratifiedKFold(n_splits=10, random_state=None, shuffle=False), round=4, cross_validation=True, predict=True, fit_kwargs={}, groups=None, refit=False, verbose=False, system=False, metrics=None, add_to_model_list=True, probability_threshold=None, display=<pycaret.internal.Display.Display object at 0x000001A78D602580>, kwargs={})
2022-01-19 16:59:40,049:INFO:Checking exceptions
2022-01-19 16:59:40,049:INFO:Importing libraries
2022-01-19 16:59:40,049:INFO:Copying training dataset
2022-01-19 16:59:40,058:INFO:Defining folds
2022-01-19 16:59:40,058:INFO:Declaring metric variables
2022-01-19 16:59:40,058:INFO:Importing untrained model
2022-01-19 16:59:40,058:INFO:Quadratic Discriminant Analysis Imported succesfully
2022-01-19 16:59:40,074:INFO:Starting cross validation
2022-01-19 16:59:40,074:INFO:Cross validating with StratifiedKFold(n_splits=10, random_state=None, shuffle=False), n_jobs=-1
2022-01-19 17:00:40,007:INFO:Calculating mean and std
2022-01-19 17:00:40,008:INFO:Creating metrics dataframe
2022-01-19 17:00:40,012:INFO:Uploading results into container
2022-01-19 17:00:40,012:INFO:Uploading model into container now
2022-01-19 17:00:40,012:INFO:create_model_container: 8
2022-01-19 17:00:40,012:INFO:master_model_container: 8
2022-01-19 17:00:40,012:INFO:display_container: 2
2022-01-19 17:00:40,012:INFO:QuadraticDiscriminantAnalysis(priors=None, reg_param=0.0,
                              store_covariance=False, tol=0.0001)
2022-01-19 17:00:40,012:INFO:create_model() succesfully completed......................................
2022-01-19 17:00:40,221:INFO:SubProcess create_model() end ==================================
2022-01-19 17:00:40,221:INFO:Creating metrics dataframe
2022-01-19 17:00:40,236:INFO:Initializing Ada Boost Classifier
2022-01-19 17:00:40,236:INFO:Total runtime is 2.4891455570856733 minutes
2022-01-19 17:00:40,241:INFO:SubProcess create_model() called ==================================
2022-01-19 17:00:40,242:INFO:Initializing create_model()
2022-01-19 17:00:40,242:INFO:create_model(estimator=ada, fold=StratifiedKFold(n_splits=10, random_state=None, shuffle=False), round=4, cross_validation=True, predict=True, fit_kwargs={}, groups=None, refit=False, verbose=False, system=False, metrics=None, add_to_model_list=True, probability_threshold=None, display=<pycaret.internal.Display.Display object at 0x000001A78D602580>, kwargs={})
2022-01-19 17:00:40,242:INFO:Checking exceptions
2022-01-19 17:00:40,242:INFO:Importing libraries
2022-01-19 17:00:40,242:INFO:Copying training dataset
2022-01-19 17:00:40,257:INFO:Defining folds
2022-01-19 17:00:40,257:INFO:Declaring metric variables
2022-01-19 17:00:40,263:INFO:Importing untrained model
2022-01-19 17:00:40,271:INFO:Ada Boost Classifier Imported succesfully
2022-01-19 17:00:40,284:INFO:Starting cross validation
2022-01-19 17:00:40,284:INFO:Cross validating with StratifiedKFold(n_splits=10, random_state=None, shuffle=False), n_jobs=-1
2022-01-19 17:00:45,959:INFO:Calculating mean and std
2022-01-19 17:00:45,959:INFO:Creating metrics dataframe
2022-01-19 17:00:45,959:INFO:Uploading results into container
2022-01-19 17:00:45,959:INFO:Uploading model into container now
2022-01-19 17:00:45,959:INFO:create_model_container: 9
2022-01-19 17:00:45,959:INFO:master_model_container: 9
2022-01-19 17:00:45,959:INFO:display_container: 2
2022-01-19 17:00:45,959:INFO:AdaBoostClassifier(algorithm='SAMME.R', base_estimator=None, learning_rate=1.0,
                   n_estimators=50, random_state=8101)
2022-01-19 17:00:45,959:INFO:create_model() succesfully completed......................................
2022-01-19 17:00:46,153:INFO:SubProcess create_model() end ==================================
2022-01-19 17:00:46,153:INFO:Creating metrics dataframe
2022-01-19 17:00:46,153:INFO:Initializing Gradient Boosting Classifier
2022-01-19 17:00:46,153:INFO:Total runtime is 2.587758847077688 minutes
2022-01-19 17:00:46,174:INFO:SubProcess create_model() called ==================================
2022-01-19 17:00:46,174:INFO:Initializing create_model()
2022-01-19 17:00:46,174:INFO:create_model(estimator=gbc, fold=StratifiedKFold(n_splits=10, random_state=None, shuffle=False), round=4, cross_validation=True, predict=True, fit_kwargs={}, groups=None, refit=False, verbose=False, system=False, metrics=None, add_to_model_list=True, probability_threshold=None, display=<pycaret.internal.Display.Display object at 0x000001A78D602580>, kwargs={})
2022-01-19 17:00:46,175:INFO:Checking exceptions
2022-01-19 17:00:46,175:INFO:Importing libraries
2022-01-19 17:00:46,175:INFO:Copying training dataset
2022-01-19 17:00:46,187:INFO:Defining folds
2022-01-19 17:00:46,187:INFO:Declaring metric variables
2022-01-19 17:00:46,192:INFO:Importing untrained model
2022-01-19 17:00:46,199:INFO:Gradient Boosting Classifier Imported succesfully
2022-01-19 17:00:46,211:INFO:Starting cross validation
2022-01-19 17:00:46,212:INFO:Cross validating with StratifiedKFold(n_splits=10, random_state=None, shuffle=False), n_jobs=-1
2022-01-19 17:01:06,555:INFO:Calculating mean and std
2022-01-19 17:01:06,555:INFO:Creating metrics dataframe
2022-01-19 17:01:06,555:INFO:Uploading results into container
2022-01-19 17:01:06,555:INFO:Uploading model into container now
2022-01-19 17:01:06,555:INFO:create_model_container: 10
2022-01-19 17:01:06,555:INFO:master_model_container: 10
2022-01-19 17:01:06,555:INFO:display_container: 2
2022-01-19 17:01:06,555:INFO:GradientBoostingClassifier(ccp_alpha=0.0, criterion='friedman_mse', init=None,
                           learning_rate=0.1, loss='deviance', max_depth=3,
                           max_features=None, max_leaf_nodes=None,
                           min_impurity_decrease=0.0, min_impurity_split=None,
                           min_samples_leaf=1, min_samples_split=2,
                           min_weight_fraction_leaf=0.0, n_estimators=100,
                           n_iter_no_change=None, presort='deprecated',
                           random_state=8101, subsample=1.0, tol=0.0001,
                           validation_fraction=0.1, verbose=0,
                           warm_start=False)
2022-01-19 17:01:06,555:INFO:create_model() succesfully completed......................................
2022-01-19 17:01:06,744:INFO:SubProcess create_model() end ==================================
2022-01-19 17:01:06,744:INFO:Creating metrics dataframe
2022-01-19 17:01:06,760:INFO:Initializing Linear Discriminant Analysis
2022-01-19 17:01:06,760:INFO:Total runtime is 2.931202133496603 minutes
2022-01-19 17:01:06,768:INFO:SubProcess create_model() called ==================================
2022-01-19 17:01:06,768:INFO:Initializing create_model()
2022-01-19 17:01:06,768:INFO:create_model(estimator=lda, fold=StratifiedKFold(n_splits=10, random_state=None, shuffle=False), round=4, cross_validation=True, predict=True, fit_kwargs={}, groups=None, refit=False, verbose=False, system=False, metrics=None, add_to_model_list=True, probability_threshold=None, display=<pycaret.internal.Display.Display object at 0x000001A78D602580>, kwargs={})
2022-01-19 17:01:06,768:INFO:Checking exceptions
2022-01-19 17:01:06,768:INFO:Importing libraries
2022-01-19 17:01:06,768:INFO:Copying training dataset
2022-01-19 17:01:06,780:INFO:Defining folds
2022-01-19 17:01:06,780:INFO:Declaring metric variables
2022-01-19 17:01:06,786:INFO:Importing untrained model
2022-01-19 17:01:06,793:INFO:Linear Discriminant Analysis Imported succesfully
2022-01-19 17:01:06,805:INFO:Starting cross validation
2022-01-19 17:01:06,805:INFO:Cross validating with StratifiedKFold(n_splits=10, random_state=None, shuffle=False), n_jobs=-1
2022-01-19 17:01:57,291:INFO:Calculating mean and std
2022-01-19 17:01:57,291:INFO:Creating metrics dataframe
2022-01-19 17:01:57,291:INFO:Uploading results into container
2022-01-19 17:01:57,291:INFO:Uploading model into container now
2022-01-19 17:01:57,291:INFO:create_model_container: 11
2022-01-19 17:01:57,291:INFO:master_model_container: 11
2022-01-19 17:01:57,291:INFO:display_container: 2
2022-01-19 17:01:57,291:INFO:LinearDiscriminantAnalysis(n_components=None, priors=None, shrinkage=None,
                           solver='svd', store_covariance=False, tol=0.0001)
2022-01-19 17:01:57,291:INFO:create_model() succesfully completed......................................
2022-01-19 17:01:57,503:INFO:SubProcess create_model() end ==================================
2022-01-19 17:01:57,503:INFO:Creating metrics dataframe
2022-01-19 17:01:57,519:INFO:Initializing Extra Trees Classifier
2022-01-19 17:01:57,519:INFO:Total runtime is 3.777189242839814 minutes
2022-01-19 17:01:57,530:INFO:SubProcess create_model() called ==================================
2022-01-19 17:01:57,530:INFO:Initializing create_model()
2022-01-19 17:01:57,530:INFO:create_model(estimator=et, fold=StratifiedKFold(n_splits=10, random_state=None, shuffle=False), round=4, cross_validation=True, predict=True, fit_kwargs={}, groups=None, refit=False, verbose=False, system=False, metrics=None, add_to_model_list=True, probability_threshold=None, display=<pycaret.internal.Display.Display object at 0x000001A78D602580>, kwargs={})
2022-01-19 17:01:57,530:INFO:Checking exceptions
2022-01-19 17:01:57,530:INFO:Importing libraries
2022-01-19 17:01:57,530:INFO:Copying training dataset
2022-01-19 17:01:57,541:INFO:Defining folds
2022-01-19 17:01:57,542:INFO:Declaring metric variables
2022-01-19 17:01:57,547:INFO:Importing untrained model
2022-01-19 17:01:57,553:INFO:Extra Trees Classifier Imported succesfully
2022-01-19 17:01:57,564:INFO:Starting cross validation
2022-01-19 17:01:57,564:INFO:Cross validating with StratifiedKFold(n_splits=10, random_state=None, shuffle=False), n_jobs=-1
2022-01-19 17:02:20,900:INFO:Calculating mean and std
2022-01-19 17:02:20,900:INFO:Creating metrics dataframe
2022-01-19 17:02:20,900:INFO:Uploading results into container
2022-01-19 17:02:20,900:INFO:Uploading model into container now
2022-01-19 17:02:20,900:INFO:create_model_container: 12
2022-01-19 17:02:20,900:INFO:master_model_container: 12
2022-01-19 17:02:20,900:INFO:display_container: 2
2022-01-19 17:02:20,900:INFO:ExtraTreesClassifier(bootstrap=False, ccp_alpha=0.0, class_weight=None,
                     criterion='gini', max_depth=None, max_features='auto',
                     max_leaf_nodes=None, max_samples=None,
                     min_impurity_decrease=0.0, min_impurity_split=None,
                     min_samples_leaf=1, min_samples_split=2,
                     min_weight_fraction_leaf=0.0, n_estimators=100, n_jobs=-1,
                     oob_score=False, random_state=8101, verbose=0,
                     warm_start=False)
2022-01-19 17:02:20,900:INFO:create_model() succesfully completed......................................
2022-01-19 17:02:21,072:INFO:SubProcess create_model() end ==================================
2022-01-19 17:02:21,072:INFO:Creating metrics dataframe
2022-01-19 17:02:21,088:INFO:Initializing Light Gradient Boosting Machine
2022-01-19 17:02:21,088:INFO:Total runtime is 4.170004848639171 minutes
2022-01-19 17:02:21,104:INFO:SubProcess create_model() called ==================================
2022-01-19 17:02:21,104:INFO:Initializing create_model()
2022-01-19 17:02:21,104:INFO:create_model(estimator=lightgbm, fold=StratifiedKFold(n_splits=10, random_state=None, shuffle=False), round=4, cross_validation=True, predict=True, fit_kwargs={}, groups=None, refit=False, verbose=False, system=False, metrics=None, add_to_model_list=True, probability_threshold=None, display=<pycaret.internal.Display.Display object at 0x000001A78D602580>, kwargs={})
2022-01-19 17:02:21,104:INFO:Checking exceptions
2022-01-19 17:02:21,104:INFO:Importing libraries
2022-01-19 17:02:21,104:INFO:Copying training dataset
2022-01-19 17:02:21,104:INFO:Defining folds
2022-01-19 17:02:21,104:INFO:Declaring metric variables
2022-01-19 17:02:21,119:INFO:Importing untrained model
2022-01-19 17:02:21,122:INFO:Light Gradient Boosting Machine Imported succesfully
2022-01-19 17:02:21,135:INFO:Starting cross validation
2022-01-19 17:02:21,135:INFO:Cross validating with StratifiedKFold(n_splits=10, random_state=None, shuffle=False), n_jobs=-1
2022-01-19 17:02:22,428:INFO:Calculating mean and std
2022-01-19 17:02:22,428:INFO:Creating metrics dataframe
2022-01-19 17:02:22,428:INFO:Uploading results into container
2022-01-19 17:02:22,428:INFO:Uploading model into container now
2022-01-19 17:02:22,428:INFO:create_model_container: 13
2022-01-19 17:02:22,428:INFO:master_model_container: 13
2022-01-19 17:02:22,428:INFO:display_container: 2
2022-01-19 17:02:22,428:INFO:LGBMClassifier(boosting_type='gbdt', class_weight=None, colsample_bytree=1.0,
               importance_type='split', learning_rate=0.1, max_depth=-1,
               min_child_samples=20, min_child_weight=0.001, min_split_gain=0.0,
               n_estimators=100, n_jobs=-1, num_leaves=31, objective=None,
               random_state=8101, reg_alpha=0.0, reg_lambda=0.0, silent='warn',
               subsample=1.0, subsample_for_bin=200000, subsample_freq=0)
2022-01-19 17:02:22,428:INFO:create_model() succesfully completed......................................
2022-01-19 17:02:22,600:WARNING:create_model() for LGBMClassifier(boosting_type='gbdt', class_weight=None, colsample_bytree=1.0,
               importance_type='split', learning_rate=0.1, max_depth=-1,
               min_child_samples=20, min_child_weight=0.001, min_split_gain=0.0,
               n_estimators=100, n_jobs=-1, num_leaves=31, objective=None,
               random_state=8101, reg_alpha=0.0, reg_lambda=0.0, silent='warn',
               subsample=1.0, subsample_for_bin=200000, subsample_freq=0) raised an exception or returned all 0.0, trying without fit_kwargs:
2022-01-19 17:02:22,616:WARNING:Traceback (most recent call last):
  File "C:\Users\suhaa\AppData\Roaming\Python\Python38\site-packages\pycaret\internal\tabular.py", line 2208, in compare_models
    assert np.sum(model_results.iloc[0]) != 0.0
AssertionError

2022-01-19 17:02:22,616:INFO:Initializing create_model()
2022-01-19 17:02:22,616:INFO:create_model(estimator=lightgbm, fold=StratifiedKFold(n_splits=10, random_state=None, shuffle=False), round=4, cross_validation=True, predict=True, fit_kwargs={}, groups=None, refit=False, verbose=False, system=False, metrics=None, add_to_model_list=True, probability_threshold=None, display=<pycaret.internal.Display.Display object at 0x000001A78D602580>, kwargs={})
2022-01-19 17:02:22,616:INFO:Checking exceptions
2022-01-19 17:02:22,616:INFO:Importing libraries
2022-01-19 17:02:22,616:INFO:Copying training dataset
2022-01-19 17:02:22,625:INFO:Defining folds
2022-01-19 17:02:22,625:INFO:Declaring metric variables
2022-01-19 17:02:22,632:INFO:Importing untrained model
2022-01-19 17:02:22,632:INFO:Light Gradient Boosting Machine Imported succesfully
2022-01-19 17:02:22,648:INFO:Starting cross validation
2022-01-19 17:02:22,648:INFO:Cross validating with StratifiedKFold(n_splits=10, random_state=None, shuffle=False), n_jobs=-1
2022-01-19 17:02:23,832:INFO:Calculating mean and std
2022-01-19 17:02:23,832:INFO:Creating metrics dataframe
2022-01-19 17:02:23,832:INFO:Uploading results into container
2022-01-19 17:02:23,832:INFO:Uploading model into container now
2022-01-19 17:02:23,832:INFO:create_model_container: 14
2022-01-19 17:02:23,832:INFO:master_model_container: 14
2022-01-19 17:02:23,832:INFO:display_container: 2
2022-01-19 17:02:23,832:INFO:LGBMClassifier(boosting_type='gbdt', class_weight=None, colsample_bytree=1.0,
               importance_type='split', learning_rate=0.1, max_depth=-1,
               min_child_samples=20, min_child_weight=0.001, min_split_gain=0.0,
               n_estimators=100, n_jobs=-1, num_leaves=31, objective=None,
               random_state=8101, reg_alpha=0.0, reg_lambda=0.0, silent='warn',
               subsample=1.0, subsample_for_bin=200000, subsample_freq=0)
2022-01-19 17:02:23,832:INFO:create_model() succesfully completed......................................
2022-01-19 17:02:24,004:ERROR:create_model() for LGBMClassifier(boosting_type='gbdt', class_weight=None, colsample_bytree=1.0,
               importance_type='split', learning_rate=0.1, max_depth=-1,
               min_child_samples=20, min_child_weight=0.001, min_split_gain=0.0,
               n_estimators=100, n_jobs=-1, num_leaves=31, objective=None,
               random_state=8101, reg_alpha=0.0, reg_lambda=0.0, silent='warn',
               subsample=1.0, subsample_for_bin=200000, subsample_freq=0) raised an exception or returned all 0.0:
2022-01-19 17:02:24,004:ERROR:Traceback (most recent call last):
  File "C:\Users\suhaa\AppData\Roaming\Python\Python38\site-packages\pycaret\internal\tabular.py", line 2208, in compare_models
    assert np.sum(model_results.iloc[0]) != 0.0
AssertionError

During handling of the above exception, another exception occurred:

Traceback (most recent call last):
  File "C:\Users\suhaa\AppData\Roaming\Python\Python38\site-packages\pycaret\internal\tabular.py", line 2217, in compare_models
    assert np.sum(model_results.iloc[0]) != 0.0
AssertionError

2022-01-19 17:02:24,004:INFO:Initializing Dummy Classifier
2022-01-19 17:02:24,004:INFO:Total runtime is 4.21860428651174 minutes
2022-01-19 17:02:24,020:INFO:SubProcess create_model() called ==================================
2022-01-19 17:02:24,020:INFO:Initializing create_model()
2022-01-19 17:02:24,020:INFO:create_model(estimator=dummy, fold=StratifiedKFold(n_splits=10, random_state=None, shuffle=False), round=4, cross_validation=True, predict=True, fit_kwargs={}, groups=None, refit=False, verbose=False, system=False, metrics=None, add_to_model_list=True, probability_threshold=None, display=<pycaret.internal.Display.Display object at 0x000001A78D602580>, kwargs={})
2022-01-19 17:02:24,020:INFO:Checking exceptions
2022-01-19 17:02:24,020:INFO:Importing libraries
2022-01-19 17:02:24,020:INFO:Copying training dataset
2022-01-19 17:02:24,028:INFO:Defining folds
2022-01-19 17:02:24,028:INFO:Declaring metric variables
2022-01-19 17:02:24,036:INFO:Importing untrained model
2022-01-19 17:02:24,036:INFO:Dummy Classifier Imported succesfully
2022-01-19 17:02:24,052:INFO:Starting cross validation
2022-01-19 17:02:24,052:INFO:Cross validating with StratifiedKFold(n_splits=10, random_state=None, shuffle=False), n_jobs=-1
2022-01-19 17:02:24,397:INFO:Calculating mean and std
2022-01-19 17:02:24,397:INFO:Creating metrics dataframe
2022-01-19 17:02:24,397:INFO:Uploading results into container
2022-01-19 17:02:24,397:INFO:Uploading model into container now
2022-01-19 17:02:24,397:INFO:create_model_container: 15
2022-01-19 17:02:24,397:INFO:master_model_container: 15
2022-01-19 17:02:24,397:INFO:display_container: 2
2022-01-19 17:02:24,397:INFO:DummyClassifier(constant=None, random_state=8101, strategy='prior')
2022-01-19 17:02:24,397:INFO:create_model() succesfully completed......................................
2022-01-19 17:02:24,570:INFO:SubProcess create_model() end ==================================
2022-01-19 17:02:24,570:INFO:Creating metrics dataframe
2022-01-19 17:02:24,601:INFO:Initializing create_model()
2022-01-19 17:02:24,601:INFO:create_model(estimator=GradientBoostingClassifier(ccp_alpha=0.0, criterion='friedman_mse', init=None,
                           learning_rate=0.1, loss='deviance', max_depth=3,
                           max_features=None, max_leaf_nodes=None,
                           min_impurity_decrease=0.0, min_impurity_split=None,
                           min_samples_leaf=1, min_samples_split=2,
                           min_weight_fraction_leaf=0.0, n_estimators=100,
                           n_iter_no_change=None, presort='deprecated',
                           random_state=8101, subsample=1.0, tol=0.0001,
                           validation_fraction=0.1, verbose=0,
                           warm_start=False), fold=StratifiedKFold(n_splits=10, random_state=None, shuffle=False), round=4, cross_validation=False, predict=False, fit_kwargs={}, groups=None, refit=True, verbose=False, system=False, metrics=None, add_to_model_list=True, probability_threshold=None, display=None, kwargs={})
2022-01-19 17:02:24,601:INFO:Checking exceptions
2022-01-19 17:02:24,601:INFO:Importing libraries
2022-01-19 17:02:24,601:INFO:Copying training dataset
2022-01-19 17:02:24,617:INFO:Defining folds
2022-01-19 17:02:24,617:INFO:Declaring metric variables
2022-01-19 17:02:24,617:INFO:Importing untrained model
2022-01-19 17:02:24,617:INFO:Declaring custom model
2022-01-19 17:02:24,617:INFO:Gradient Boosting Classifier Imported succesfully
2022-01-19 17:02:24,617:INFO:Cross validation set to False
2022-01-19 17:02:24,617:INFO:Fitting Model
2022-01-19 17:02:38,506:INFO:GradientBoostingClassifier(ccp_alpha=0.0, criterion='friedman_mse', init=None,
                           learning_rate=0.1, loss='deviance', max_depth=3,
                           max_features=None, max_leaf_nodes=None,
                           min_impurity_decrease=0.0, min_impurity_split=None,
                           min_samples_leaf=1, min_samples_split=2,
                           min_weight_fraction_leaf=0.0, n_estimators=100,
                           n_iter_no_change=None, presort='deprecated',
                           random_state=8101, subsample=1.0, tol=0.0001,
                           validation_fraction=0.1, verbose=0,
                           warm_start=False)
2022-01-19 17:02:38,506:INFO:create_models() succesfully completed......................................
2022-01-19 17:02:38,732:INFO:create_model_container: 15
2022-01-19 17:02:38,732:INFO:master_model_container: 15
2022-01-19 17:02:38,732:INFO:display_container: 2
2022-01-19 17:02:38,732:INFO:GradientBoostingClassifier(ccp_alpha=0.0, criterion='friedman_mse', init=None,
                           learning_rate=0.1, loss='deviance', max_depth=3,
                           max_features=None, max_leaf_nodes=None,
                           min_impurity_decrease=0.0, min_impurity_split=None,
                           min_samples_leaf=1, min_samples_split=2,
                           min_weight_fraction_leaf=0.0, n_estimators=100,
                           n_iter_no_change=None, presort='deprecated',
                           random_state=8101, subsample=1.0, tol=0.0001,
                           validation_fraction=0.1, verbose=0,
                           warm_start=False)
2022-01-19 17:02:38,732:INFO:compare_models() succesfully completed......................................
2022-01-19 17:03:55,094:INFO:Initializing create_model()
2022-01-19 17:03:55,094:INFO:create_model(estimator=rf, fold=None, round=4, cross_validation=True, predict=True, fit_kwargs=None, groups=None, refit=True, verbose=True, system=True, metrics=None, add_to_model_list=True, probability_threshold=None, display=None, kwargs={})
2022-01-19 17:03:55,095:INFO:Checking exceptions
2022-01-19 17:03:55,095:INFO:Preparing display monitor
2022-01-19 17:03:55,107:INFO:Importing libraries
2022-01-19 17:03:55,107:INFO:Copying training dataset
2022-01-19 17:03:55,118:INFO:Defining folds
2022-01-19 17:03:55,118:INFO:Declaring metric variables
2022-01-19 17:03:55,124:INFO:Importing untrained model
2022-01-19 17:03:55,130:INFO:Random Forest Classifier Imported succesfully
2022-01-19 17:03:55,142:INFO:Starting cross validation
2022-01-19 17:03:55,143:INFO:Cross validating with StratifiedKFold(n_splits=10, random_state=None, shuffle=False), n_jobs=-1
2022-01-19 17:04:08,887:INFO:Calculating mean and std
2022-01-19 17:04:08,888:INFO:Creating metrics dataframe
2022-01-19 17:04:08,896:INFO:Finalizing model
2022-01-19 17:04:10,302:INFO:Uploading results into container
2022-01-19 17:04:10,302:INFO:Uploading model into container now
2022-01-19 17:04:10,302:INFO:create_model_container: 16
2022-01-19 17:04:10,302:INFO:master_model_container: 16
2022-01-19 17:04:10,302:INFO:display_container: 3
2022-01-19 17:04:10,302:INFO:RandomForestClassifier(bootstrap=True, ccp_alpha=0.0, class_weight=None,
                       criterion='gini', max_depth=None, max_features='auto',
                       max_leaf_nodes=None, max_samples=None,
                       min_impurity_decrease=0.0, min_impurity_split=None,
                       min_samples_leaf=1, min_samples_split=2,
                       min_weight_fraction_leaf=0.0, n_estimators=100,
                       n_jobs=-1, oob_score=False, random_state=8101, verbose=0,
                       warm_start=False)
2022-01-19 17:04:10,302:INFO:create_model() succesfully completed......................................
2022-01-19 17:06:08,787:INFO:Initializing tune_model()
2022-01-19 17:06:08,787:INFO:tune_model(estimator=RandomForestClassifier(bootstrap=True, ccp_alpha=0.0, class_weight=None,
                       criterion='gini', max_depth=None, max_features='auto',
                       max_leaf_nodes=None, max_samples=None,
                       min_impurity_decrease=0.0, min_impurity_split=None,
                       min_samples_leaf=1, min_samples_split=2,
                       min_weight_fraction_leaf=0.0, n_estimators=100,
                       n_jobs=-1, oob_score=False, random_state=8101, verbose=0,
                       warm_start=False), fold=None, round=4, n_iter=10, custom_grid=None, optimize=Accuracy, custom_scorer=None, search_library=scikit-learn, search_algorithm=None, early_stopping=False, early_stopping_max_iters=10, choose_better=False, fit_kwargs=None, groups=None, return_tuner=False, verbose=True, tuner_verbose=True, display=None, kwargs={})
2022-01-19 17:06:08,787:INFO:Checking exceptions
2022-01-19 17:06:08,788:INFO:Preparing display monitor
2022-01-19 17:06:08,801:INFO:Copying training dataset
2022-01-19 17:06:08,813:INFO:Checking base model
2022-01-19 17:06:08,813:INFO:Base model : Random Forest Classifier
2022-01-19 17:06:08,820:INFO:Declaring metric variables
2022-01-19 17:06:08,825:INFO:Defining Hyperparameters
2022-01-19 17:06:09,017:INFO:Tuning with n_jobs=-1
2022-01-19 17:06:09,017:INFO:Initializing RandomizedSearchCV
2022-01-19 17:07:48,286:INFO:best_params: {'actual_estimator__n_estimators': 80, 'actual_estimator__min_samples_split': 10, 'actual_estimator__min_samples_leaf': 3, 'actual_estimator__min_impurity_decrease': 0.0002, 'actual_estimator__max_features': 1.0, 'actual_estimator__max_depth': 3, 'actual_estimator__criterion': 'gini', 'actual_estimator__class_weight': {}, 'actual_estimator__bootstrap': True}
2022-01-19 17:07:48,287:INFO:Hyperparameter search completed
2022-01-19 17:07:48,287:INFO:SubProcess create_model() called ==================================
2022-01-19 17:07:48,287:INFO:Initializing create_model()
2022-01-19 17:07:48,288:INFO:create_model(estimator=RandomForestClassifier(bootstrap=True, ccp_alpha=0.0, class_weight=None,
                       criterion='gini', max_depth=None, max_features='auto',
                       max_leaf_nodes=None, max_samples=None,
                       min_impurity_decrease=0.0, min_impurity_split=None,
                       min_samples_leaf=1, min_samples_split=2,
                       min_weight_fraction_leaf=0.0, n_estimators=100,
                       n_jobs=-1, oob_score=False, random_state=8101, verbose=0,
                       warm_start=False), fold=StratifiedKFold(n_splits=10, random_state=None, shuffle=False), round=4, cross_validation=True, predict=True, fit_kwargs={}, groups=None, refit=True, verbose=True, system=False, metrics=None, add_to_model_list=True, probability_threshold=None, display=<pycaret.internal.Display.Display object at 0x000001A7862550D0>, kwargs={'n_estimators': 80, 'min_samples_split': 10, 'min_samples_leaf': 3, 'min_impurity_decrease': 0.0002, 'max_features': 1.0, 'max_depth': 3, 'criterion': 'gini', 'class_weight': {}, 'bootstrap': True})
2022-01-19 17:07:48,288:INFO:Checking exceptions
2022-01-19 17:07:48,288:INFO:Importing libraries
2022-01-19 17:07:48,288:INFO:Copying training dataset
2022-01-19 17:07:48,301:INFO:Defining folds
2022-01-19 17:07:48,301:INFO:Declaring metric variables
2022-01-19 17:07:48,307:INFO:Importing untrained model
2022-01-19 17:07:48,307:INFO:Declaring custom model
2022-01-19 17:07:48,312:INFO:Random Forest Classifier Imported succesfully
2022-01-19 17:07:48,325:INFO:Starting cross validation
2022-01-19 17:07:48,326:INFO:Cross validating with StratifiedKFold(n_splits=10, random_state=None, shuffle=False), n_jobs=-1
2022-01-19 17:07:59,089:INFO:Calculating mean and std
2022-01-19 17:07:59,091:INFO:Creating metrics dataframe
2022-01-19 17:07:59,099:INFO:Finalizing model
2022-01-19 17:08:00,225:INFO:Uploading results into container
2022-01-19 17:08:00,225:INFO:Uploading model into container now
2022-01-19 17:08:00,225:INFO:create_model_container: 17
2022-01-19 17:08:00,225:INFO:master_model_container: 17
2022-01-19 17:08:00,225:INFO:display_container: 4
2022-01-19 17:08:00,225:INFO:RandomForestClassifier(bootstrap=True, ccp_alpha=0.0, class_weight={},
                       criterion='gini', max_depth=3, max_features=1.0,
                       max_leaf_nodes=None, max_samples=None,
                       min_impurity_decrease=0.0002, min_impurity_split=None,
                       min_samples_leaf=3, min_samples_split=10,
                       min_weight_fraction_leaf=0.0, n_estimators=80, n_jobs=-1,
                       oob_score=False, random_state=8101, verbose=0,
                       warm_start=False)
2022-01-19 17:08:00,225:INFO:create_model() succesfully completed......................................
2022-01-19 17:08:00,421:INFO:SubProcess create_model() end ==================================
2022-01-19 17:08:00,436:INFO:create_model_container: 17
2022-01-19 17:08:00,436:INFO:master_model_container: 17
2022-01-19 17:08:00,436:INFO:display_container: 4
2022-01-19 17:08:00,436:INFO:RandomForestClassifier(bootstrap=True, ccp_alpha=0.0, class_weight={},
                       criterion='gini', max_depth=3, max_features=1.0,
                       max_leaf_nodes=None, max_samples=None,
                       min_impurity_decrease=0.0002, min_impurity_split=None,
                       min_samples_leaf=3, min_samples_split=10,
                       min_weight_fraction_leaf=0.0, n_estimators=80, n_jobs=-1,
                       oob_score=False, random_state=8101, verbose=0,
                       warm_start=False)
2022-01-19 17:08:00,444:INFO:tune_model() succesfully completed......................................
2022-01-19 17:09:57,353:INFO:Initializing save_model()
2022-01-19 17:09:57,353:INFO:save_model(model=RandomForestClassifier(bootstrap=True, ccp_alpha=0.0, class_weight=None,
                       criterion='gini', max_depth=None, max_features='auto',
                       max_leaf_nodes=None, max_samples=None,
                       min_impurity_decrease=0.0, min_impurity_split=None,
                       min_samples_leaf=1, min_samples_split=2,
                       min_weight_fraction_leaf=0.0, n_estimators=100,
                       n_jobs=-1, oob_score=False, random_state=8101, verbose=0,
                       warm_start=False), model_name=rf_plain, prep_pipe_=Pipeline(memory=None,
         steps=[('dtypes',
                 DataTypes_Auto_infer(categorical_features=[],
                                      display_types=False, features_todrop=[],
                                      id_columns=['RowNumber'],
                                      ml_usecase='classification',
                                      numerical_features=[], target='Exited',
                                      time_features=[])),
                ('imputer',
                 Simple_Imputer(categorical_strategy='not_available',
                                fill_value_categorical=None,
                                fill_value_numerical=None,
                                n...
                ('rem_outliers',
                 Outlier(contamination=0.05, methods=['pca'], random_state=8101,
                         target='Exited')),
                ('cluster_all', 'passthrough'),
                ('dummy', Dummify(target='Exited')),
                ('fix_perfect', Remove_100(target='Exited')),
                ('clean_names', Clean_Colum_Names()),
                ('feature_select', 'passthrough'), ('fix_multi', 'passthrough'),
                ('dfs', 'passthrough'), ('pca', 'passthrough')],
         verbose=False), verbose=True, kwargs={})
2022-01-19 17:09:57,353:INFO:Adding model into prep_pipe
2022-01-19 17:09:57,450:INFO:rf_plain.pkl saved in current working directory
2022-01-19 17:09:57,450:INFO:Pipeline(memory=None,
         steps=[('dtypes',
                 DataTypes_Auto_infer(categorical_features=[],
                                      display_types=False, features_todrop=[],
                                      id_columns=['RowNumber'],
                                      ml_usecase='classification',
                                      numerical_features=[], target='Exited',
                                      time_features=[])),
                ('imputer',
                 Simple_Imputer(categorical_strategy='not_available',
                                fill_value_categorical=None,
                                fill_value_numerical=None,
                                n...
                 RandomForestClassifier(bootstrap=True, ccp_alpha=0.0,
                                        class_weight=None, criterion='gini',
                                        max_depth=None, max_features='auto',
                                        max_leaf_nodes=None, max_samples=None,
                                        min_impurity_decrease=0.0,
                                        min_impurity_split=None,
                                        min_samples_leaf=1, min_samples_split=2,
                                        min_weight_fraction_leaf=0.0,
                                        n_estimators=100, n_jobs=-1,
                                        oob_score=False, random_state=8101,
                                        verbose=0, warm_start=False)]],
         verbose=False)
2022-01-19 17:09:57,450:INFO:save_model() successfully completed......................................
